[0.015s] Invoking command in '/home/aimsrog/XAiMs/XAiMS_ws/build/xaims_localization': CMAKE_PREFIX_PATH=${CMAKE_PREFIX_PATH}:/home/aimsrog/turtlebot3_ws/install/turtlebot3_teleop:/home/aimsrog/turtlebot3_ws/install/turtlebot3_example:/opt/ros/humble /usr/bin/cmake --build /home/aimsrog/XAiMs/XAiMS_ws/build/xaims_localization -- -j16 -l16
[0.061s] [35m[1mConsolidate compiler generated dependencies of target ekf_odom_pub[0m
[0.076s] [ 50%] Built target rviz_click_to_2d
[0.078s] [ 75%] [32mBuilding CXX object CMakeFiles/ekf_odom_pub.dir/src/ekf_odom_pub.cpp.o[0m
[2.026s] [01m[K/home/aimsrog/XAiMs/XAiMS_ws/src/xaims_localization/src/ekf_odom_pub.cpp:[m[K In function â€˜[01m[Kvoid set_initial_2d(geometry_msgs::msg::PoseStamped_<std::allocator<void> >::SharedPtr)[m[Kâ€™:
[2.026s] [01m[K/home/aimsrog/XAiMs/XAiMS_ws/src/xaims_localization/src/ekf_odom_pub.cpp:44:3:[m[K [01;31m[Kerror: [m[Kâ€˜[01m[Kdd[m[Kâ€™ was not declared in this scope
[2.026s]    44 |   [01;31m[Kdd[m[K
[2.026s]       |   [01;31m[K^~[m[K
[4.562s] gmake[2]: *** [CMakeFiles/ekf_odom_pub.dir/build.make:76: CMakeFiles/ekf_odom_pub.dir/src/ekf_odom_pub.cpp.o] Error 1
[4.562s] gmake[1]: *** [CMakeFiles/Makefile2:165: CMakeFiles/ekf_odom_pub.dir/all] Error 2
[4.562s] gmake: *** [Makefile:146: all] Error 2
[4.565s] Invoked command in '/home/aimsrog/XAiMs/XAiMS_ws/build/xaims_localization' returned '2': CMAKE_PREFIX_PATH=${CMAKE_PREFIX_PATH}:/home/aimsrog/turtlebot3_ws/install/turtlebot3_teleop:/home/aimsrog/turtlebot3_ws/install/turtlebot3_example:/opt/ros/humble /usr/bin/cmake --build /home/aimsrog/XAiMs/XAiMS_ws/build/xaims_localization -- -j16 -l16
