-- Found ament_cmake: 0.9.12 (/opt/ros/foxy/share/ament_cmake/cmake)
-- Using PYTHON_EXECUTABLE: /usr/bin/python3
-- Override CMake install command with custom implementation using symlinks instead of copying resources
-- Found rclcpp: 2.4.3 (/opt/ros/foxy/share/rclcpp/cmake)
-- Using all available rosidl_typesupport_c: rosidl_typesupport_fastrtps_c;rosidl_typesupport_introspection_c
-- Found rosidl_adapter: 1.3.1 (/opt/ros/foxy/share/rosidl_adapter/cmake)
-- Using all available rosidl_typesupport_cpp: rosidl_typesupport_fastrtps_cpp;rosidl_typesupport_introspection_cpp
-- Found rmw_implementation_cmake: 1.0.4 (/opt/ros/foxy/share/rmw_implementation_cmake/cmake)
-- Using RMW implementation 'rmw_fastrtps_cpp' as default
-- Found geometry_msgs: 2.0.5 (/opt/ros/foxy/share/geometry_msgs/cmake)
-- Found tf2_geometry_msgs: 0.13.14 (/opt/ros/foxy/share/tf2_geometry_msgs/cmake)
-- Found eigen3_cmake_module: 0.1.1 (/opt/ros/foxy/share/eigen3_cmake_module/cmake)
-- Found nav_msgs: 2.0.5 (/opt/ros/foxy/share/nav_msgs/cmake)
-- Configuring done
-- Generating done
-- Build files have been written to: /home/aims_xavier/XAiMs/XAiMS_ws/build/xaims_localization
[35m[1mScanning dependencies of target odom_data_saver[0m
[ 25%] Built target ekf_odom_pub
[ 50%] Built target pose_estimate_publisher
[ 62%] [32mBuilding CXX object CMakeFiles/odom_data_saver.dir/src/odom_data_saver.cpp.o[0m
[01m[K/home/aims_xavier/XAiMs/XAiMS_ws/src/xaims_localization/src/odom_data_saver.cpp:[m[K In constructor â€˜[01m[KOdomDataSaver::OdomDataSaver()[m[Kâ€™:
[01m[K/home/aims_xavier/XAiMs/XAiMS_ws/src/xaims_localization/src/odom_data_saver.cpp:17:14:[m[K [01;31m[Kerror: [m[Kâ€˜[01m[Kstd::filesystem[m[Kâ€™ has not been declared
   17 |         std::[01;31m[Kfilesystem[m[K::create_directories(directory);
      |              [01;31m[K^~~~~~~~~~[m[K
make[2]: *** [CMakeFiles/odom_data_saver.dir/build.make:63: CMakeFiles/odom_data_saver.dir/src/odom_data_saver.cpp.o] Error 1
make[1]: *** [CMakeFiles/Makefile2:84: CMakeFiles/odom_data_saver.dir/all] Error 2
make: *** [Makefile:141: all] Error 2
