[0.015s] Invoking command in '/home/aimsrog/XAiMs/XAiMS_ws/src/xaims_localization/build/xaims_localization': /usr/bin/cmake --build /home/aimsrog/XAiMs/XAiMS_ws/src/xaims_localization/build/xaims_localization -- -j16 -l16
[0.040s] -- Found ament_cmake: 1.3.10 (/opt/ros/humble/share/ament_cmake/cmake)
[0.145s] -- Found rclcpp: 16.0.10 (/opt/ros/humble/share/rclcpp/cmake)
[0.166s] -- Found rosidl_generator_c: 3.1.5 (/opt/ros/humble/share/rosidl_generator_c/cmake)
[0.168s] -- Found rosidl_adapter: 3.1.5 (/opt/ros/humble/share/rosidl_adapter/cmake)
[0.172s] -- Found rosidl_generator_cpp: 3.1.5 (/opt/ros/humble/share/rosidl_generator_cpp/cmake)
[0.179s] -- Using all available rosidl_typesupport_c: rosidl_typesupport_fastrtps_c;rosidl_typesupport_introspection_c
[0.188s] -- Using all available rosidl_typesupport_cpp: rosidl_typesupport_fastrtps_cpp;rosidl_typesupport_introspection_cpp
[0.211s] -- Found rmw_implementation_cmake: 6.1.2 (/opt/ros/humble/share/rmw_implementation_cmake/cmake)
[0.213s] -- Found rmw_fastrtps_cpp: 6.2.7 (/opt/ros/humble/share/rmw_fastrtps_cpp/cmake)
[0.320s] -- Using RMW implementation 'rmw_fastrtps_cpp' as default
[0.352s] -- Found geometry_msgs: 4.2.4 (/opt/ros/humble/share/geometry_msgs/cmake)
[0.360s] -- Found tf2_geometry_msgs: 0.25.8 (/opt/ros/humble/share/tf2_geometry_msgs/cmake)
[0.362s] -- Found eigen3_cmake_module: 0.1.1 (/opt/ros/humble/share/eigen3_cmake_module/cmake)
[0.363s] -- Ensuring Eigen3 include directory is part of orocos-kdl CMake target
[0.469s] Error parsing '/home/aimsrog/XAiMs/XAiMS_ws/src/xaims_localization/package.xml':
[0.469s] Traceback (most recent call last):
[0.469s]   File "/opt/ros/humble/share/ament_cmake_core/cmake/core/package_xml_2_cmake.py", line 150, in <module>
[0.469s]     main()
[0.469s]   File "/opt/ros/humble/share/ament_cmake_core/cmake/core/package_xml_2_cmake.py", line 53, in main
[0.470s]     raise e
[0.470s]   File "/opt/ros/humble/share/ament_cmake_core/cmake/core/package_xml_2_cmake.py", line 49, in main
[0.470s]     package = parse_package_string(
[0.470s]   File "/home/aimsrog/anaconda3/lib/python3.9/site-packages/catkin_pkg/package.py", line 786, in parse_package_string
[0.470s]     raise InvalidPackage('Error(s):%s' % (''.join(['\n- %s' % e for e in errors])), filename)
[0.470s] catkin_pkg.package.InvalidPackage: Error(s) in package '/home/aimsrog/XAiMs/XAiMS_ws/src/xaims_localization/package.xml':
[0.470s] Error(s):
[0.470s] - The generic dependency on 'geometry_msgs' is redundant with: exec_depend
[0.476s] [31mCMake Error at /opt/ros/humble/share/ament_cmake_core/cmake/core/ament_package_xml.cmake:95 (message):
[0.476s]   execute_process(/home/aimsrog/anaconda3/bin/python3
[0.476s]   /opt/ros/humble/share/ament_cmake_core/cmake/core/package_xml_2_cmake.py
[0.476s]   /home/aimsrog/XAiMs/XAiMS_ws/src/xaims_localization/package.xml
[0.476s]   /home/aimsrog/XAiMs/XAiMS_ws/src/xaims_localization/build/xaims_localization/ament_cmake_core/package.cmake)
[0.476s]   returned error code 1
[0.476s] Call Stack (most recent call first):
[0.477s]   /opt/ros/humble/share/ament_cmake_core/cmake/core/ament_package_xml.cmake:49 (_ament_package_xml)
[0.477s]   /opt/ros/humble/share/ament_cmake_core/cmake/core/ament_package.cmake:63 (ament_package_xml)
[0.477s]   CMakeLists.txt:40 (ament_package)
[0.477s] 
[0.477s] [0m
[0.477s] -- Configuring incomplete, errors occurred!
[0.477s] See also "/home/aimsrog/XAiMs/XAiMS_ws/src/xaims_localization/build/xaims_localization/CMakeFiles/CMakeOutput.log".
[0.484s] gmake: *** [Makefile:267: cmake_check_build_system] Error 1
[0.486s] Invoked command in '/home/aimsrog/XAiMs/XAiMS_ws/src/xaims_localization/build/xaims_localization' returned '2': /usr/bin/cmake --build /home/aimsrog/XAiMs/XAiMS_ws/src/xaims_localization/build/xaims_localization -- -j16 -l16
